[ 2016-04-20T14:13:53+08:00 ] ::1 /index.php
INFO: [ app_init ] --START--
INFO: Run Behavior\BuildLiteBehavior [ RunTime:0.000019s ]
INFO: [ app_init ] --END-- [ RunTime:0.000570s ]
INFO: [ app_begin ] --START--
INFO: Run Behavior\ReadHtmlCacheBehavior [ RunTime:0.000755s ]
INFO: [ app_begin ] --END-- [ RunTime:0.000840s ]
SQL: SHOW COLUMNS FROM `ec_channel` [ RunTime:0.1462s ]
SQL: SHOW COLUMNS FROM `ec_channel` [ RunTime:0.0124s ]
NOTIC: [8] Undefined index: modelType D:\Wamp\phpStudy\WWW\DigitalScene_ThinkPHP\App\Common\Model\BaseModel.class.php 第 188 行.
NOTIC: [8] Undefined index: field D:\Wamp\phpStudy\WWW\DigitalScene_ThinkPHP\App\Common\Model\BaseModel.class.php 第 206 行.
SQL: SELECT * FROM `ec_channel` WHERE `cid` = 0 LIMIT 1   [ RunTime:0.0262s ]
NOTIC: [2048] Declaration of Admin\Model\ArticleModel::add() should be compatible with that of Think\Model::add() D:\Wamp\phpStudy\WWW\DigitalScene_ThinkPHP\App\Admin\Model\ArticleModel.class.php 第 403 行.
SQL: SHOW COLUMNS FROM `ec_article` [ RunTime:0.0336s ]
SQL: SHOW COLUMNS FROM `ec_article` [ RunTime:0.0136s ]
SQL: SELECT * FROM `ec_article` WHERE `thumbnail` <> '' ORDER BY uTime DESC LIMIT 6   [ RunTime:0.0289s ]
NOTIC: [8] Undefined index: limit D:\Wamp\phpStudy\WWW\DigitalScene_ThinkPHP\App\Common\Model\BaseModel.class.php 第 49 行.
SQL: SELECT * FROM `ec_channel` WHERE `fid` = 0 AND `model` = 'article' AND `status` = 1 ORDER BY oid ASC  [ RunTime:0.0126s ]
NOTIC: [8] Undefined index: limit D:\Wamp\phpStudy\WWW\DigitalScene_ThinkPHP\App\Common\Model\BaseModel.class.php 第 49 行.
SQL: SELECT * FROM `ec_channel` WHERE `status` = 1 ORDER BY oid ASC  [ RunTime:0.0017s ]
SQL: SELECT * FROM `ec_article` WHERE `cid` IN ('7','9','11','12','2') ORDER BY uTime DESC LIMIT 5   [ RunTime:0.0191s ]
SQL: SELECT * FROM `ec_article` WHERE `cid` IN ('13','14','10','8','3') ORDER BY uTime DESC LIMIT 5   [ RunTime:0.0009s ]
SQL: SELECT * FROM `ec_article` WHERE `cid` IN ('15','16','17','18','19','4') ORDER BY uTime DESC LIMIT 5   [ RunTime:0.0009s ]
SQL: SELECT * FROM `ec_article` WHERE `cid` IN ('5') ORDER BY uTime DESC LIMIT 5   [ RunTime:0.0016s ]
INFO: [ view_parse ] --START--
NOTIC: [8] Undefined index: condition D:\Wamp\phpStudy\WWW\DigitalScene_ThinkPHP\ThinkPHP\Library\Think\Template\TagLib\Co.class.php 第 25 行.
NOTIC: [8] Undefined variable: condition D:\Wamp\phpStudy\WWW\DigitalScene_ThinkPHP\ThinkPHP\Library\Think\Template\TagLib\Co.class.php 第 33 行.
NOTIC: [8] Undefined variable: condition D:\Wamp\phpStudy\WWW\DigitalScene_ThinkPHP\ThinkPHP\Library\Think\Template\TagLib\Co.class.php 第 37 行.
INFO: [ template_filter ] --START--
INFO: Run Behavior\ContentReplaceBehavior [ RunTime:0.000267s ]
INFO: [ template_filter ] --END-- [ RunTime:0.000450s ]
NOTIC: [8] Undefined variable: articleDetail D:\Wamp\phpStudy\WWW\DigitalScene_ThinkPHP\App\Runtime\Cache\Home\7d05afc94b7e80187b9ee3b1e5ead12f.php 第 7 行.
NOTIC: [8] Undefined variable: articleDetail D:\Wamp\phpStudy\WWW\DigitalScene_ThinkPHP\App\Runtime\Cache\Home\7d05afc94b7e80187b9ee3b1e5ead12f.php 第 8 行.
NOTIC: [8] Undefined index: limit D:\Wamp\phpStudy\WWW\DigitalScene_ThinkPHP\App\Common\Model\BaseModel.class.php 第 49 行.
SQL: SELECT * FROM `ec_channel` WHERE `status` = 1 ORDER BY oid ASC  [ RunTime:0.0018s ]
INFO: [ view_parse ] --START--
INFO: [ template_filter ] --START--
INFO: Run Behavior\ContentReplaceBehavior [ RunTime:0.000143s ]
INFO: [ template_filter ] --END-- [ RunTime:-0.051765s ]
NOTIC: [8] Undefined offset: 0 D:\Wamp\phpStudy\WWW\DigitalScene_ThinkPHP\App\Runtime\Cache\Home\7b169ff0a26597695e982177a7224108.php 第 2 行.
NOTIC: [8] Undefined index: cid D:\Wamp\phpStudy\WWW\DigitalScene_ThinkPHP\App\Runtime\Cache\Home\7b169ff0a26597695e982177a7224108.php 第 12 行.
NOTIC: [8] Use of undefined constant cid - assumed 'cid' D:\Wamp\phpStudy\WWW\DigitalScene_ThinkPHP\App\Runtime\Cache\Home\7b169ff0a26597695e982177a7224108.php 第 12 行.
NOTIC: [8] Undefined index: cid D:\Wamp\phpStudy\WWW\DigitalScene_ThinkPHP\App\Runtime\Cache\Home\7b169ff0a26597695e982177a7224108.php 第 12 行.
NOTIC: [8] Undefined offset: 0 D:\Wamp\phpStudy\WWW\DigitalScene_ThinkPHP\App\Runtime\Cache\Home\7b169ff0a26597695e982177a7224108.php 第 2 行.
NOTIC: [8] Undefined index: cid D:\Wamp\phpStudy\WWW\DigitalScene_ThinkPHP\App\Runtime\Cache\Home\7b169ff0a26597695e982177a7224108.php 第 12 行.
NOTIC: [8] Undefined offset: 0 D:\Wamp\phpStudy\WWW\DigitalScene_ThinkPHP\App\Runtime\Cache\Home\7b169ff0a26597695e982177a7224108.php 第 2 行.
NOTIC: [8] Undefined index: cid D:\Wamp\phpStudy\WWW\DigitalScene_ThinkPHP\App\Runtime\Cache\Home\7b169ff0a26597695e982177a7224108.php 第 12 行.
INFO: Run Behavior\ParseTemplateBehavior [ RunTime:0.026895s ]
INFO: [ view_parse ] --END-- [ RunTime:0.027188s ]
INFO: [ view_filter ] --START--
INFO: Run Behavior\WriteHtmlCacheBehavior [ RunTime:0.001696s ]
INFO: [ view_filter ] --END-- [ RunTime:0.001888s ]
NOTIC: [8] Undefined offset: 12 D:\Wamp\phpStudy\WWW\DigitalScene_ThinkPHP\App\Common\Common\function.php 第 199 行.
NOTIC: [8] Undefined offset: 13 D:\Wamp\phpStudy\WWW\DigitalScene_ThinkPHP\App\Common\Common\function.php 第 199 行.
NOTIC: [8] Undefined offset: 14 D:\Wamp\phpStudy\WWW\DigitalScene_ThinkPHP\App\Common\Common\function.php 第 199 行.
NOTIC: [8] Undefined offset: 15 D:\Wamp\phpStudy\WWW\DigitalScene_ThinkPHP\App\Common\Common\function.php 第 199 行.
NOTIC: [8] Undefined offset: 16 D:\Wamp\phpStudy\WWW\DigitalScene_ThinkPHP\App\Common\Common\function.php 第 199 行.
NOTIC: [8] Undefined offset: 17 D:\Wamp\phpStudy\WWW\DigitalScene_ThinkPHP\App\Common\Common\function.php 第 199 行.
NOTIC: [8] Undefined offset: 18 D:\Wamp\phpStudy\WWW\DigitalScene_ThinkPHP\App\Common\Common\function.php 第 199 行.
NOTIC: [8] Undefined offset: 19 D:\Wamp\phpStudy\WWW\DigitalScene_ThinkPHP\App\Common\Common\function.php 第 199 行.
NOTIC: [8] Undefined offset: 20 D:\Wamp\phpStudy\WWW\DigitalScene_ThinkPHP\App\Common\Common\function.php 第 199 行.
NOTIC: [8] Undefined offset: 21 D:\Wamp\phpStudy\WWW\DigitalScene_ThinkPHP\App\Common\Common\function.php 第 199 行.
NOTIC: [8] Undefined offset: 22 D:\Wamp\phpStudy\WWW\DigitalScene_ThinkPHP\App\Common\Common\function.php 第 199 行.
NOTIC: [8] Undefined offset: 23 D:\Wamp\phpStudy\WWW\DigitalScene_ThinkPHP\App\Common\Common\function.php 第 199 行.
NOTIC: [8] Undefined offset: 24 D:\Wamp\phpStudy\WWW\DigitalScene_ThinkPHP\App\Common\Common\function.php 第 199 行.
NOTIC: [8] Undefined offset: 25 D:\Wamp\phpStudy\WWW\DigitalScene_ThinkPHP\App\Common\Common\function.php 第 199 行.
NOTIC: [8] Undefined offset: 26 D:\Wamp\phpStudy\WWW\DigitalScene_ThinkPHP\App\Common\Common\function.php 第 199 行.
NOTIC: [8] Undefined offset: 27 D:\Wamp\phpStudy\WWW\DigitalScene_ThinkPHP\App\Common\Common\function.php 第 199 行.
NOTIC: [8] Undefined offset: 17 D:\Wamp\phpStudy\WWW\DigitalScene_ThinkPHP\App\Common\Common\function.php 第 199 行.
NOTIC: [8] Undefined offset: 18 D:\Wamp\phpStudy\WWW\DigitalScene_ThinkPHP\App\Common\Common\function.php 第 199 行.
NOTIC: [8] Undefined offset: 19 D:\Wamp\phpStudy\WWW\DigitalScene_ThinkPHP\App\Common\Common\function.php 第 199 行.
NOTIC: [8] Undefined offset: 20 D:\Wamp\phpStudy\WWW\DigitalScene_ThinkPHP\App\Common\Common\function.php 第 199 行.
NOTIC: [8] Undefined offset: 21 D:\Wamp\phpStudy\WWW\DigitalScene_ThinkPHP\App\Common\Common\function.php 第 199 行.
NOTIC: [8] Undefined offset: 22 D:\Wamp\phpStudy\WWW\DigitalScene_ThinkPHP\App\Common\Common\function.php 第 199 行.
NOTIC: [8] Undefined offset: 23 D:\Wamp\phpStudy\WWW\DigitalScene_ThinkPHP\App\Common\Common\function.php 第 199 行.
NOTIC: [8] Undefined offset: 24 D:\Wamp\phpStudy\WWW\DigitalScene_ThinkPHP\App\Common\Common\function.php 第 199 行.
NOTIC: [8] Undefined offset: 25 D:\Wamp\phpStudy\WWW\DigitalScene_ThinkPHP\App\Common\Common\function.php 第 199 行.
NOTIC: [8] Undefined offset: 26 D:\Wamp\phpStudy\WWW\DigitalScene_ThinkPHP\App\Common\Common\function.php 第 199 行.
NOTIC: [8] Undefined offset: 27 D:\Wamp\phpStudy\WWW\DigitalScene_ThinkPHP\App\Common\Common\function.php 第 199 行.
NOTIC: [8] Undefined offset: 14 D:\Wamp\phpStudy\WWW\DigitalScene_ThinkPHP\App\Common\Common\function.php 第 199 行.
NOTIC: [8] Undefined offset: 15 D:\Wamp\phpStudy\WWW\DigitalScene_ThinkPHP\App\Common\Common\function.php 第 199 行.
NOTIC: [8] Undefined offset: 16 D:\Wamp\phpStudy\WWW\DigitalScene_ThinkPHP\App\Common\Common\function.php 第 199 行.
NOTIC: [8] Undefined offset: 17 D:\Wamp\phpStudy\WWW\DigitalScene_ThinkPHP\App\Common\Common\function.php 第 199 行.
NOTIC: [8] Undefined offset: 18 D:\Wamp\phpStudy\WWW\DigitalScene_ThinkPHP\App\Common\Common\function.php 第 199 行.
NOTIC: [8] Undefined offset: 19 D:\Wamp\phpStudy\WWW\DigitalScene_ThinkPHP\App\Common\Common\function.php 第 199 行.
NOTIC: [8] Undefined offset: 20 D:\Wamp\phpStudy\WWW\DigitalScene_ThinkPHP\App\Common\Common\function.php 第 199 行.
NOTIC: [8] Undefined offset: 21 D:\Wamp\phpStudy\WWW\DigitalScene_ThinkPHP\App\Common\Common\function.php 第 199 行.
NOTIC: [8] Undefined offset: 22 D:\Wamp\phpStudy\WWW\DigitalScene_ThinkPHP\App\Common\Common\function.php 第 199 行.
NOTIC: [8] Undefined offset: 23 D:\Wamp\phpStudy\WWW\DigitalScene_ThinkPHP\App\Common\Common\function.php 第 199 行.
NOTIC: [8] Undefined offset: 24 D:\Wamp\phpStudy\WWW\DigitalScene_ThinkPHP\App\Common\Common\function.php 第 199 行.
NOTIC: [8] Undefined offset: 25 D:\Wamp\phpStudy\WWW\DigitalScene_ThinkPHP\App\Common\Common\function.php 第 199 行.
NOTIC: [8] Undefined offset: 26 D:\Wamp\phpStudy\WWW\DigitalScene_ThinkPHP\App\Common\Common\function.php 第 199 行.
NOTIC: [8] Undefined offset: 27 D:\Wamp\phpStudy\WWW\DigitalScene_ThinkPHP\App\Common\Common\function.php 第 199 行.
NOTIC: [8] Undefined offset: 15 D:\Wamp\phpStudy\WWW\DigitalScene_ThinkPHP\App\Common\Common\function.php 第 199 行.
NOTIC: [8] Undefined offset: 16 D:\Wamp\phpStudy\WWW\DigitalScene_ThinkPHP\App\Common\Common\function.php 第 199 行.
NOTIC: [8] Undefined offset: 17 D:\Wamp\phpStudy\WWW\DigitalScene_ThinkPHP\App\Common\Common\function.php 第 199 行.
NOTIC: [8] Undefined offset: 18 D:\Wamp\phpStudy\WWW\DigitalScene_ThinkPHP\App\Common\Common\function.php 第 199 行.
NOTIC: [8] Undefined offset: 19 D:\Wamp\phpStudy\WWW\DigitalScene_ThinkPHP\App\Common\Common\function.php 第 199 行.
NOTIC: [8] Undefined offset: 20 D:\Wamp\phpStudy\WWW\DigitalScene_ThinkPHP\App\Common\Common\function.php 第 199 行.
NOTIC: [8] Undefined offset: 21 D:\Wamp\phpStudy\WWW\DigitalScene_ThinkPHP\App\Common\Common\function.php 第 199 行.
NOTIC: [8] Undefined offset: 22 D:\Wamp\phpStudy\WWW\DigitalScene_ThinkPHP\App\Common\Common\function.php 第 199 行.
NOTIC: [8] Undefined offset: 23 D:\Wamp\phpStudy\WWW\DigitalScene_ThinkPHP\App\Common\Common\function.php 第 199 行.
NOTIC: [8] Undefined offset: 24 D:\Wamp\phpStudy\WWW\DigitalScene_ThinkPHP\App\Common\Common\function.php 第 199 行.
NOTIC: [8] Undefined offset: 25 D:\Wamp\phpStudy\WWW\DigitalScene_ThinkPHP\App\Common\Common\function.php 第 199 行.
NOTIC: [8] Undefined offset: 26 D:\Wamp\phpStudy\WWW\DigitalScene_ThinkPHP\App\Common\Common\function.php 第 199 行.
NOTIC: [8] Undefined offset: 27 D:\Wamp\phpStudy\WWW\DigitalScene_ThinkPHP\App\Common\Common\function.php 第 199 行.
NOTIC: [8] Undefined offset: 12 D:\Wamp\phpStudy\WWW\DigitalScene_ThinkPHP\App\Common\Common\function.php 第 199 行.
NOTIC: [8] Undefined offset: 13 D:\Wamp\phpStudy\WWW\DigitalScene_ThinkPHP\App\Common\Common\function.php 第 199 行.
NOTIC: [8] Undefined offset: 14 D:\Wamp\phpStudy\WWW\DigitalScene_ThinkPHP\App\Common\Common\function.php 第 199 行.
NOTIC: [8] Undefined offset: 15 D:\Wamp\phpStudy\WWW\DigitalScene_ThinkPHP\App\Common\Common\function.php 第 199 行.
NOTIC: [8] Undefined offset: 16 D:\Wamp\phpStudy\WWW\DigitalScene_ThinkPHP\App\Common\Common\function.php 第 199 行.
NOTIC: [8] Undefined offset: 17 D:\Wamp\phpStudy\WWW\DigitalScene_ThinkPHP\App\Common\Common\function.php 第 199 行.
NOTIC: [8] Undefined offset: 18 D:\Wamp\phpStudy\WWW\DigitalScene_ThinkPHP\App\Common\Common\function.php 第 199 行.
NOTIC: [8] Undefined offset: 19 D:\Wamp\phpStudy\WWW\DigitalScene_ThinkPHP\App\Common\Common\function.php 第 199 行.
NOTIC: [8] Undefined offset: 20 D:\Wamp\phpStudy\WWW\DigitalScene_ThinkPHP\App\Common\Common\function.php 第 199 行.
NOTIC: [8] Undefined offset: 21 D:\Wamp\phpStudy\WWW\DigitalScene_ThinkPHP\App\Common\Common\function.php 第 199 行.
NOTIC: [8] Undefined offset: 22 D:\Wamp\phpStudy\WWW\DigitalScene_ThinkPHP\App\Common\Common\function.php 第 199 行.
NOTIC: [8] Undefined offset: 23 D:\Wamp\phpStudy\WWW\DigitalScene_ThinkPHP\App\Common\Common\function.php 第 199 行.
NOTIC: [8] Undefined offset: 24 D:\Wamp\phpStudy\WWW\DigitalScene_ThinkPHP\App\Common\Common\function.php 第 199 行.
NOTIC: [8] Undefined offset: 25 D:\Wamp\phpStudy\WWW\DigitalScene_ThinkPHP\App\Common\Common\function.php 第 199 行.
NOTIC: [8] Undefined offset: 26 D:\Wamp\phpStudy\WWW\DigitalScene_ThinkPHP\App\Common\Common\function.php 第 199 行.
NOTIC: [8] Undefined offset: 27 D:\Wamp\phpStudy\WWW\DigitalScene_ThinkPHP\App\Common\Common\function.php 第 199 行.
NOTIC: [8] Undefined index: kw D:\Wamp\phpStudy\WWW\DigitalScene_ThinkPHP\App\Runtime\Cache\Home\7d05afc94b7e80187b9ee3b1e5ead12f.php 第 102 行.
NOTIC: [2] Missing argument 1 for Think\Model::where(), called in D:\Wamp\phpStudy\WWW\DigitalScene_ThinkPHP\App\Runtime\Cache\Home\7d05afc94b7e80187b9ee3b1e5ead12f.php on line 113 and defined D:\Wamp\phpStudy\WWW\DigitalScene_ThinkPHP\ThinkPHP\Library\Think\Model.class.php 第 1771 行.
NOTIC: [8] Undefined variable: where D:\Wamp\phpStudy\WWW\DigitalScene_ThinkPHP\ThinkPHP\Library\Think\Model.class.php 第 1779 行.
NOTIC: [8] Undefined variable: where D:\Wamp\phpStudy\WWW\DigitalScene_ThinkPHP\ThinkPHP\Library\Think\Model.class.php 第 1782 行.
NOTIC: [8] Undefined variable: where D:\Wamp\phpStudy\WWW\DigitalScene_ThinkPHP\ThinkPHP\Library\Think\Model.class.php 第 1790 行.
SQL: SELECT COUNT(*) AS tp_count FROM `ec_article` LIMIT 1   [ RunTime:0.0505s ]
NOTIC: [2] Missing argument 1 for Think\Model::where(), called in D:\Wamp\phpStudy\WWW\DigitalScene_ThinkPHP\App\Runtime\Cache\Home\7d05afc94b7e80187b9ee3b1e5ead12f.php on line 113 and defined D:\Wamp\phpStudy\WWW\DigitalScene_ThinkPHP\ThinkPHP\Library\Think\Model.class.php 第 1771 行.
NOTIC: [8] Undefined variable: where D:\Wamp\phpStudy\WWW\DigitalScene_ThinkPHP\ThinkPHP\Library\Think\Model.class.php 第 1779 行.
NOTIC: [8] Undefined variable: where D:\Wamp\phpStudy\WWW\DigitalScene_ThinkPHP\ThinkPHP\Library\Think\Model.class.php 第 1782 行.
NOTIC: [8] Undefined variable: where D:\Wamp\phpStudy\WWW\DigitalScene_ThinkPHP\ThinkPHP\Library\Think\Model.class.php 第 1790 行.
SQL: SELECT `id`,`cid`,`title` FROM `ec_article` ORDER BY visitNums DESC LIMIT 0,15   [ RunTime:0.0010s ]
NOTIC: [8] Undefined variable: channelList D:\Wamp\phpStudy\WWW\DigitalScene_ThinkPHP\App\Runtime\Cache\Home\7d05afc94b7e80187b9ee3b1e5ead12f.php 第 124 行.
INFO: Run Behavior\ParseTemplateBehavior [ RunTime:0.194823s ]
INFO: [ view_parse ] --END-- [ RunTime:0.027188s ]
INFO: [ view_filter ] --START--
INFO: Run Behavior\WriteHtmlCacheBehavior [ RunTime:0.000064s ]
INFO: [ view_filter ] --END-- [ RunTime:-0.165929s ]
INFO: [ app_end ] --START--
INFO: Run Behavior\ShowPageTraceBehavior [ RunTime:0.003255s ]
INFO: [ app_end ] --END-- [ RunTime:0.003558s ]

[ 2016-04-20T16:42:59+08:00 ] ::1 /?Admin/Public/index
INFO: [ app_init ] --START--
INFO: Run Behavior\BuildLiteBehavior [ RunTime:0.000061s ]
INFO: [ app_init ] --END-- [ RunTime:0.014345s ]
INFO: [ app_begin ] --START--
INFO: Run Behavior\ReadHtmlCacheBehavior [ RunTime:0.015136s ]
INFO: [ app_begin ] --END-- [ RunTime:0.015424s ]
SQL: SHOW COLUMNS FROM `ec_channel` [ RunTime:0.0915s ]
SQL: SHOW COLUMNS FROM `ec_channel` [ RunTime:0.0104s ]
NOTIC: [8] Undefined index: modelType D:\Wamp\phpStudy\WWW\DigitalScene_ThinkPHP\App\Common\Model\BaseModel.class.php 第 188 行.
NOTIC: [8] Undefined index: field D:\Wamp\phpStudy\WWW\DigitalScene_ThinkPHP\App\Common\Model\BaseModel.class.php 第 206 行.
SQL: SELECT * FROM `ec_channel` WHERE `cid` = 0 LIMIT 1   [ RunTime:0.0070s ]
NOTIC: [2048] Declaration of Admin\Model\ArticleModel::add() should be compatible with that of Think\Model::add() D:\Wamp\phpStudy\WWW\DigitalScene_ThinkPHP\App\Admin\Model\ArticleModel.class.php 第 403 行.
SQL: SHOW COLUMNS FROM `ec_article` [ RunTime:0.0332s ]
SQL: SHOW COLUMNS FROM `ec_article` [ RunTime:0.0111s ]
SQL: SELECT * FROM `ec_article` WHERE `thumbnail` <> '' ORDER BY uTime DESC LIMIT 6   [ RunTime:0.0206s ]
NOTIC: [8] Undefined index: limit D:\Wamp\phpStudy\WWW\DigitalScene_ThinkPHP\App\Common\Model\BaseModel.class.php 第 49 行.
SQL: SELECT * FROM `ec_channel` WHERE `fid` = 0 AND `model` = 'article' AND `status` = 1 ORDER BY oid ASC  [ RunTime:0.0126s ]
NOTIC: [8] Undefined index: limit D:\Wamp\phpStudy\WWW\DigitalScene_ThinkPHP\App\Common\Model\BaseModel.class.php 第 49 行.
SQL: SELECT * FROM `ec_channel` WHERE `status` = 1 ORDER BY oid ASC  [ RunTime:0.0016s ]
SQL: SELECT * FROM `ec_article` WHERE `cid` IN ('7','9','11','12','2') ORDER BY uTime DESC LIMIT 5   [ RunTime:0.0301s ]
SQL: SELECT * FROM `ec_article` WHERE `cid` IN ('13','14','10','8','3') ORDER BY uTime DESC LIMIT 5   [ RunTime:0.0009s ]
SQL: SELECT * FROM `ec_article` WHERE `cid` IN ('15','16','17','18','19','4') ORDER BY uTime DESC LIMIT 5   [ RunTime:0.0013s ]
SQL: SELECT * FROM `ec_article` WHERE `cid` IN ('5') ORDER BY uTime DESC LIMIT 5   [ RunTime:0.0015s ]
INFO: [ view_parse ] --START--
NOTIC: [8] Undefined index: condition D:\Wamp\phpStudy\WWW\DigitalScene_ThinkPHP\ThinkPHP\Library\Think\Template\TagLib\Co.class.php 第 25 行.
NOTIC: [8] Undefined variable: condition D:\Wamp\phpStudy\WWW\DigitalScene_ThinkPHP\ThinkPHP\Library\Think\Template\TagLib\Co.class.php 第 33 行.
NOTIC: [8] Undefined variable: condition D:\Wamp\phpStudy\WWW\DigitalScene_ThinkPHP\ThinkPHP\Library\Think\Template\TagLib\Co.class.php 第 37 行.
INFO: [ template_filter ] --START--
INFO: Run Behavior\ContentReplaceBehavior [ RunTime:0.000238s ]
INFO: [ template_filter ] --END-- [ RunTime:0.000442s ]
NOTIC: [8] Undefined variable: articleDetail D:\Wamp\phpStudy\WWW\DigitalScene_ThinkPHP\App\Runtime\Cache\Home\7d05afc94b7e80187b9ee3b1e5ead12f.php 第 7 行.
NOTIC: [8] Undefined variable: articleDetail D:\Wamp\phpStudy\WWW\DigitalScene_ThinkPHP\App\Runtime\Cache\Home\7d05afc94b7e80187b9ee3b1e5ead12f.php 第 8 行.
NOTIC: [8] Undefined index: limit D:\Wamp\phpStudy\WWW\DigitalScene_ThinkPHP\App\Common\Model\BaseModel.class.php 第 49 行.
SQL: SELECT * FROM `ec_channel` WHERE `status` = 1 ORDER BY oid ASC  [ RunTime:0.0010s ]
INFO: [ view_parse ] --START--
INFO: [ template_filter ] --START--
INFO: Run Behavior\ContentReplaceBehavior [ RunTime:0.000132s ]
INFO: [ template_filter ] --END-- [ RunTime:-0.043896s ]
NOTIC: [8] Undefined offset: 0 D:\Wamp\phpStudy\WWW\DigitalScene_ThinkPHP\App\Runtime\Cache\Home\7b169ff0a26597695e982177a7224108.php 第 2 行.
NOTIC: [8] Undefined index: cid D:\Wamp\phpStudy\WWW\DigitalScene_ThinkPHP\App\Runtime\Cache\Home\7b169ff0a26597695e982177a7224108.php 第 12 行.
NOTIC: [8] Use of undefined constant cid - assumed 'cid' D:\Wamp\phpStudy\WWW\DigitalScene_ThinkPHP\App\Runtime\Cache\Home\7b169ff0a26597695e982177a7224108.php 第 12 行.
NOTIC: [8] Undefined index: cid D:\Wamp\phpStudy\WWW\DigitalScene_ThinkPHP\App\Runtime\Cache\Home\7b169ff0a26597695e982177a7224108.php 第 12 行.
NOTIC: [8] Undefined offset: 0 D:\Wamp\phpStudy\WWW\DigitalScene_ThinkPHP\App\Runtime\Cache\Home\7b169ff0a26597695e982177a7224108.php 第 2 行.
NOTIC: [8] Undefined index: cid D:\Wamp\phpStudy\WWW\DigitalScene_ThinkPHP\App\Runtime\Cache\Home\7b169ff0a26597695e982177a7224108.php 第 12 行.
NOTIC: [8] Undefined offset: 0 D:\Wamp\phpStudy\WWW\DigitalScene_ThinkPHP\App\Runtime\Cache\Home\7b169ff0a26597695e982177a7224108.php 第 2 行.
NOTIC: [8] Undefined index: cid D:\Wamp\phpStudy\WWW\DigitalScene_ThinkPHP\App\Runtime\Cache\Home\7b169ff0a26597695e982177a7224108.php 第 12 行.
INFO: Run Behavior\ParseTemplateBehavior [ RunTime:0.022328s ]
INFO: [ view_parse ] --END-- [ RunTime:0.022476s ]
INFO: [ view_filter ] --START--
INFO: Run Behavior\WriteHtmlCacheBehavior [ RunTime:0.012180s ]
INFO: [ view_filter ] --END-- [ RunTime:0.012427s ]
NOTIC: [8] Undefined offset: 12 D:\Wamp\phpStudy\WWW\DigitalScene_ThinkPHP\App\Common\Common\function.php 第 199 行.
NOTIC: [8] Undefined offset: 13 D:\Wamp\phpStudy\WWW\DigitalScene_ThinkPHP\App\Common\Common\function.php 第 199 行.
NOTIC: [8] Undefined offset: 14 D:\Wamp\phpStudy\WWW\DigitalScene_ThinkPHP\App\Common\Common\function.php 第 199 行.
NOTIC: [8] Undefined offset: 15 D:\Wamp\phpStudy\WWW\DigitalScene_ThinkPHP\App\Common\Common\function.php 第 199 行.
NOTIC: [8] Undefined offset: 16 D:\Wamp\phpStudy\WWW\DigitalScene_ThinkPHP\App\Common\Common\function.php 第 199 行.
NOTIC: [8] Undefined offset: 17 D:\Wamp\phpStudy\WWW\DigitalScene_ThinkPHP\App\Common\Common\function.php 第 199 行.
NOTIC: [8] Undefined offset: 18 D:\Wamp\phpStudy\WWW\DigitalScene_ThinkPHP\App\Common\Common\function.php 第 199 行.
NOTIC: [8] Undefined offset: 19 D:\Wamp\phpStudy\WWW\DigitalScene_ThinkPHP\App\Common\Common\function.php 第 199 行.
NOTIC: [8] Undefined offset: 20 D:\Wamp\phpStudy\WWW\DigitalScene_ThinkPHP\App\Common\Common\function.php 第 199 行.
NOTIC: [8] Undefined offset: 21 D:\Wamp\phpStudy\WWW\DigitalScene_ThinkPHP\App\Common\Common\function.php 第 199 行.
NOTIC: [8] Undefined offset: 22 D:\Wamp\phpStudy\WWW\DigitalScene_ThinkPHP\App\Common\Common\function.php 第 199 行.
NOTIC: [8] Undefined offset: 23 D:\Wamp\phpStudy\WWW\DigitalScene_ThinkPHP\App\Common\Common\function.php 第 199 行.
NOTIC: [8] Undefined offset: 24 D:\Wamp\phpStudy\WWW\DigitalScene_ThinkPHP\App\Common\Common\function.php 第 199 行.
NOTIC: [8] Undefined offset: 25 D:\Wamp\phpStudy\WWW\DigitalScene_ThinkPHP\App\Common\Common\function.php 第 199 行.
NOTIC: [8] Undefined offset: 26 D:\Wamp\phpStudy\WWW\DigitalScene_ThinkPHP\App\Common\Common\function.php 第 199 行.
NOTIC: [8] Undefined offset: 27 D:\Wamp\phpStudy\WWW\DigitalScene_ThinkPHP\App\Common\Common\function.php 第 199 行.
NOTIC: [8] Undefined offset: 17 D:\Wamp\phpStudy\WWW\DigitalScene_ThinkPHP\App\Common\Common\function.php 第 199 行.
NOTIC: [8] Undefined offset: 18 D:\Wamp\phpStudy\WWW\DigitalScene_ThinkPHP\App\Common\Common\function.php 第 199 行.
NOTIC: [8] Undefined offset: 19 D:\Wamp\phpStudy\WWW\DigitalScene_ThinkPHP\App\Common\Common\function.php 第 199 行.
NOTIC: [8] Undefined offset: 20 D:\Wamp\phpStudy\WWW\DigitalScene_ThinkPHP\App\Common\Common\function.php 第 199 行.
NOTIC: [8] Undefined offset: 21 D:\Wamp\phpStudy\WWW\DigitalScene_ThinkPHP\App\Common\Common\function.php 第 199 行.
NOTIC: [8] Undefined offset: 22 D:\Wamp\phpStudy\WWW\DigitalScene_ThinkPHP\App\Common\Common\function.php 第 199 行.
NOTIC: [8] Undefined offset: 23 D:\Wamp\phpStudy\WWW\DigitalScene_ThinkPHP\App\Common\Common\function.php 第 199 行.
NOTIC: [8] Undefined offset: 24 D:\Wamp\phpStudy\WWW\DigitalScene_ThinkPHP\App\Common\Common\function.php 第 199 行.
NOTIC: [8] Undefined offset: 25 D:\Wamp\phpStudy\WWW\DigitalScene_ThinkPHP\App\Common\Common\function.php 第 199 行.
NOTIC: [8] Undefined offset: 26 D:\Wamp\phpStudy\WWW\DigitalScene_ThinkPHP\App\Common\Common\function.php 第 199 行.
NOTIC: [8] Undefined offset: 27 D:\Wamp\phpStudy\WWW\DigitalScene_ThinkPHP\App\Common\Common\function.php 第 199 行.
NOTIC: [8] Undefined offset: 14 D:\Wamp\phpStudy\WWW\DigitalScene_ThinkPHP\App\Common\Common\function.php 第 199 行.
NOTIC: [8] Undefined offset: 15 D:\Wamp\phpStudy\WWW\DigitalScene_ThinkPHP\App\Common\Common\function.php 第 199 行.
NOTIC: [8] Undefined offset: 16 D:\Wamp\phpStudy\WWW\DigitalScene_ThinkPHP\App\Common\Common\function.php 第 199 行.
NOTIC: [8] Undefined offset: 17 D:\Wamp\phpStudy\WWW\DigitalScene_ThinkPHP\App\Common\Common\function.php 第 199 行.
NOTIC: [8] Undefined offset: 18 D:\Wamp\phpStudy\WWW\DigitalScene_ThinkPHP\App\Common\Common\function.php 第 199 行.
NOTIC: [8] Undefined offset: 19 D:\Wamp\phpStudy\WWW\DigitalScene_ThinkPHP\App\Common\Common\function.php 第 199 行.
NOTIC: [8] Undefined offset: 20 D:\Wamp\phpStudy\WWW\DigitalScene_ThinkPHP\App\Common\Common\function.php 第 199 行.
NOTIC: [8] Undefined offset: 21 D:\Wamp\phpStudy\WWW\DigitalScene_ThinkPHP\App\Common\Common\function.php 第 199 行.
NOTIC: [8] Undefined offset: 22 D:\Wamp\phpStudy\WWW\DigitalScene_ThinkPHP\App\Common\Common\function.php 第 199 行.
NOTIC: [8] Undefined offset: 23 D:\Wamp\phpStudy\WWW\DigitalScene_ThinkPHP\App\Common\Common\function.php 第 199 行.
NOTIC: [8] Undefined offset: 24 D:\Wamp\phpStudy\WWW\DigitalScene_ThinkPHP\App\Common\Common\function.php 第 199 行.
NOTIC: [8] Undefined offset: 25 D:\Wamp\phpStudy\WWW\DigitalScene_ThinkPHP\App\Common\Common\function.php 第 199 行.
NOTIC: [8] Undefined offset: 26 D:\Wamp\phpStudy\WWW\DigitalScene_ThinkPHP\App\Common\Common\function.php 第 199 行.
NOTIC: [8] Undefined offset: 27 D:\Wamp\phpStudy\WWW\DigitalScene_ThinkPHP\App\Common\Common\function.php 第 199 行.
NOTIC: [8] Undefined offset: 15 D:\Wamp\phpStudy\WWW\DigitalScene_ThinkPHP\App\Common\Common\function.php 第 199 行.
NOTIC: [8] Undefined offset: 16 D:\Wamp\phpStudy\WWW\DigitalScene_ThinkPHP\App\Common\Common\function.php 第 199 行.
NOTIC: [8] Undefined offset: 17 D:\Wamp\phpStudy\WWW\DigitalScene_ThinkPHP\App\Common\Common\function.php 第 199 行.
NOTIC: [8] Undefined offset: 18 D:\Wamp\phpStudy\WWW\DigitalScene_ThinkPHP\App\Common\Common\function.php 第 199 行.
NOTIC: [8] Undefined offset: 19 D:\Wamp\phpStudy\WWW\DigitalScene_ThinkPHP\App\Common\Common\function.php 第 199 行.
NOTIC: [8] Undefined offset: 20 D:\Wamp\phpStudy\WWW\DigitalScene_ThinkPHP\App\Common\Common\function.php 第 199 行.
NOTIC: [8] Undefined offset: 21 D:\Wamp\phpStudy\WWW\DigitalScene_ThinkPHP\App\Common\Common\function.php 第 199 行.
NOTIC: [8] Undefined offset: 22 D:\Wamp\phpStudy\WWW\DigitalScene_ThinkPHP\App\Common\Common\function.php 第 199 行.
NOTIC: [8] Undefined offset: 23 D:\Wamp\phpStudy\WWW\DigitalScene_ThinkPHP\App\Common\Common\function.php 第 199 行.
NOTIC: [8] Undefined offset: 24 D:\Wamp\phpStudy\WWW\DigitalScene_ThinkPHP\App\Common\Common\function.php 第 199 行.
NOTIC: [8] Undefined offset: 25 D:\Wamp\phpStudy\WWW\DigitalScene_ThinkPHP\App\Common\Common\function.php 第 199 行.
NOTIC: [8] Undefined offset: 26 D:\Wamp\phpStudy\WWW\DigitalScene_ThinkPHP\App\Common\Common\function.php 第 199 行.
NOTIC: [8] Undefined offset: 27 D:\Wamp\phpStudy\WWW\DigitalScene_ThinkPHP\App\Common\Common\function.php 第 199 行.
NOTIC: [8] Undefined offset: 12 D:\Wamp\phpStudy\WWW\DigitalScene_ThinkPHP\App\Common\Common\function.php 第 199 行.
NOTIC: [8] Undefined offset: 13 D:\Wamp\phpStudy\WWW\DigitalScene_ThinkPHP\App\Common\Common\function.php 第 199 行.
NOTIC: [8] Undefined offset: 14 D:\Wamp\phpStudy\WWW\DigitalScene_ThinkPHP\App\Common\Common\function.php 第 199 行.
NOTIC: [8] Undefined offset: 15 D:\Wamp\phpStudy\WWW\DigitalScene_ThinkPHP\App\Common\Common\function.php 第 199 行.
NOTIC: [8] Undefined offset: 16 D:\Wamp\phpStudy\WWW\DigitalScene_ThinkPHP\App\Common\Common\function.php 第 199 行.
NOTIC: [8] Undefined offset: 17 D:\Wamp\phpStudy\WWW\DigitalScene_ThinkPHP\App\Common\Common\function.php 第 199 行.
NOTIC: [8] Undefined offset: 18 D:\Wamp\phpStudy\WWW\DigitalScene_ThinkPHP\App\Common\Common\function.php 第 199 行.
NOTIC: [8] Undefined offset: 19 D:\Wamp\phpStudy\WWW\DigitalScene_ThinkPHP\App\Common\Common\function.php 第 199 行.
NOTIC: [8] Undefined offset: 20 D:\Wamp\phpStudy\WWW\DigitalScene_ThinkPHP\App\Common\Common\function.php 第 199 行.
NOTIC: [8] Undefined offset: 21 D:\Wamp\phpStudy\WWW\DigitalScene_ThinkPHP\App\Common\Common\function.php 第 199 行.
NOTIC: [8] Undefined offset: 22 D:\Wamp\phpStudy\WWW\DigitalScene_ThinkPHP\App\Common\Common\function.php 第 199 行.
NOTIC: [8] Undefined offset: 23 D:\Wamp\phpStudy\WWW\DigitalScene_ThinkPHP\App\Common\Common\function.php 第 199 行.
NOTIC: [8] Undefined offset: 24 D:\Wamp\phpStudy\WWW\DigitalScene_ThinkPHP\App\Common\Common\function.php 第 199 行.
NOTIC: [8] Undefined offset: 25 D:\Wamp\phpStudy\WWW\DigitalScene_ThinkPHP\App\Common\Common\function.php 第 199 行.
NOTIC: [8] Undefined offset: 26 D:\Wamp\phpStudy\WWW\DigitalScene_ThinkPHP\App\Common\Common\function.php 第 199 行.
NOTIC: [8] Undefined offset: 27 D:\Wamp\phpStudy\WWW\DigitalScene_ThinkPHP\App\Common\Common\function.php 第 199 行.
NOTIC: [8] Undefined index: kw D:\Wamp\phpStudy\WWW\DigitalScene_ThinkPHP\App\Runtime\Cache\Home\7d05afc94b7e80187b9ee3b1e5ead12f.php 第 102 行.
NOTIC: [2] Missing argument 1 for Think\Model::where(), called in D:\Wamp\phpStudy\WWW\DigitalScene_ThinkPHP\App\Runtime\Cache\Home\7d05afc94b7e80187b9ee3b1e5ead12f.php on line 113 and defined D:\Wamp\phpStudy\WWW\DigitalScene_ThinkPHP\ThinkPHP\Library\Think\Model.class.php 第 1771 行.
NOTIC: [8] Undefined variable: where D:\Wamp\phpStudy\WWW\DigitalScene_ThinkPHP\ThinkPHP\Library\Think\Model.class.php 第 1779 行.
NOTIC: [8] Undefined variable: where D:\Wamp\phpStudy\WWW\DigitalScene_ThinkPHP\ThinkPHP\Library\Think\Model.class.php 第 1782 行.
NOTIC: [8] Undefined variable: where D:\Wamp\phpStudy\WWW\DigitalScene_ThinkPHP\ThinkPHP\Library\Think\Model.class.php 第 1790 行.
SQL: SELECT COUNT(*) AS tp_count FROM `ec_article` LIMIT 1   [ RunTime:0.0361s ]
NOTIC: [2] Missing argument 1 for Think\Model::where(), called in D:\Wamp\phpStudy\WWW\DigitalScene_ThinkPHP\App\Runtime\Cache\Home\7d05afc94b7e80187b9ee3b1e5ead12f.php on line 113 and defined D:\Wamp\phpStudy\WWW\DigitalScene_ThinkPHP\ThinkPHP\Library\Think\Model.class.php 第 1771 行.
NOTIC: [8] Undefined variable: where D:\Wamp\phpStudy\WWW\DigitalScene_ThinkPHP\ThinkPHP\Library\Think\Model.class.php 第 1779 行.
NOTIC: [8] Undefined variable: where D:\Wamp\phpStudy\WWW\DigitalScene_ThinkPHP\ThinkPHP\Library\Think\Model.class.php 第 1782 行.
NOTIC: [8] Undefined variable: where D:\Wamp\phpStudy\WWW\DigitalScene_ThinkPHP\ThinkPHP\Library\Think\Model.class.php 第 1790 行.
SQL: SELECT `id`,`cid`,`title` FROM `ec_article` ORDER BY visitNums DESC LIMIT 0,15   [ RunTime:0.0012s ]
NOTIC: [8] Undefined variable: channelList D:\Wamp\phpStudy\WWW\DigitalScene_ThinkPHP\App\Runtime\Cache\Home\7d05afc94b7e80187b9ee3b1e5ead12f.php 第 124 行.
INFO: Run Behavior\ParseTemplateBehavior [ RunTime:0.112870s ]
INFO: [ view_parse ] --END-- [ RunTime:0.022476s ]
INFO: [ view_filter ] --START--
INFO: Run Behavior\WriteHtmlCacheBehavior [ RunTime:0.000037s ]
INFO: [ view_filter ] --END-- [ RunTime:-0.078062s ]
INFO: [ app_end ] --START--
INFO: Run Behavior\ShowPageTraceBehavior [ RunTime:0.011922s ]
INFO: [ app_end ] --END-- [ RunTime:0.012163s ]

